#
# There is insufficient memory for the Java Runtime Environment to continue.
# Native memory allocation (mmap) failed to map 134217728 bytes for G1 virtual space
# Possible reasons:
#   The system is out of physical RAM or swap space
#   The process is running with CompressedOops enabled, and the Java Heap may be blocking the growth of the native heap
# Possible solutions:
#   Reduce memory load on the system
#   Increase physical memory or swap space
#   Check if swap backing store is full
#   Decrease Java heap size (-Xmx/-Xms)
#   Decrease number of Java threads
#   Decrease Java thread stack sizes (-Xss)
#   Set larger code cache with -XX:ReservedCodeCacheSize=
#   JVM is running with Unscaled Compressed Oops mode in which the Java heap is
#     placed in the first 4GB address space. The Java Heap base address is the
#     maximum limit for the native heap growth. Please use -XX:HeapBaseMinAddress
#     to set the Java Heap base and to place the Java Heap above 4GB virtual address.
# This output file may be truncated or incomplete.
#
#  Out of Memory Error (os_windows.cpp:3600), pid=22828, tid=7324
#
# JRE version:  (21.0.3+7) (build )
# Java VM: Java HotSpot(TM) 64-Bit Server VM (21.0.3+7-LTS-jvmci-23.1-b37, mixed mode, emulated-client, sharing, tiered, jvmci, jvmci compiler, compressed oops, compressed class ptrs, g1 gc, windows-amd64)
# No core dump will be written. Minidumps are not enabled by default on client versions of Windows
#

---------------  S U M M A R Y ------------

Command Line: -XX:ThreadPriorityPolicy=1 -XX:+UnlockExperimentalVMOptions -XX:+EnableJVMCIProduct -XX:-UnlockExperimentalVMOptions -Dquarkus-internal.serialized-app-model.path=C:\Users\karim\IdeaProjects\rest-book\target\quarkus\bootstrap\dev-app-model.dat -javaagent:C:\Users\karim\.m2\repository\io\quarkus\quarkus-class-change-agent\3.11.1\quarkus-class-change-agent-3.11.1.jar -XX:TieredStopAtLevel=1 -agentlib:jdwp=transport=dt_socket,address=localhost:5005,server=y,suspend=n -Djava.util.logging.manager=org.jboss.logmanager.LogManager C:\Users\karim\IdeaProjects\rest-book\target\rest-book-dev.jar

Host: Intel(R) Core(TM) i7-6700HQ CPU @ 2.60GHz, 8 cores, 7G,  Windows 10 , 64 bit Build 19041 (10.0.19041.3636)
Time: Thu Jun  6 17:49:17 2024 Paris, Madrid (heure duild 19041 (10.0.19041.3636) elapsed time: 0.037739 seconds (0d 0h 0m 0s)

---------------  T H R E A D  ---------------

Current thread (0x000001d242652560):  JavaThread "Unknown thread" [_thread_in_vm, id=7324, stack(0x000000be41400000,0x000000be41500000) (1024K)]

Stack: [0x000000be41400000,0x000000be41500000]
Native frames: (J=compiled Java code, j=interpreted, Vv=VM code, C=native code)
V  [jvm.dll+0x6cfcf9]
V  [jvm.dll+0x859351]
V  [jvm.dll+0x85b87e]
V  [jvm.dll+0x85bf53]
V  [jvm.dll+0x27d036]
V  [jvm.dll+0x6cc495]
V  [jvm.dll+0x6c101a]
V  [jvm.dll+0x35080a]
V  [jvm.dll+0x358466]
V  [jvm.dll+0x3aab3e]
V  [jvm.dll+0x3aade8]
V  [jvm.dll+0x324c0c]
V  [jvm.dll+0x32576b]
V  [jvm.dll+0x8228a9]
V  [jvm.dll+0x3b7a61]
V  [jvm.dll+0x80bc98]
V  [jvm.dll+0x44cabe]
V  [jvm.dll+0x44e591]
C  [jli.dll+0x52a3]
C  [ucrtbase.dll+0x21bb2]
C  [KERNEL32.DLL+0x17344]
C  [ntdll.dll+0x526b1]


---------------  P R O C E S S  ---------------

Threads class SMR info:
_java_thread_list=0x00007ff99b58bb88, length=0, elements={
}

Java Threads: ( => current thread )
Total: 0

Other Threads:
  0x000001d2448319b0 WorkerThread "GC Thread#0"                     [id=20188, stack(0x000000be41500000,0x000000be41600000) (1024K)]
  0x000001d244842f20 ConcurrentGCThread "G1 Main Marker"            [id=16504, stack(0x000000be41600000,0x000000be41700000) (1024K)]
  0x000001d2448450e0 WorkerThread "G1 Conc#0"                       [id=3932, stack(0x000000be41700000,0x000000be41800000) (1024K)]

[error occurred during error reporting (printing all threads), id 0xc0000005, EXCEPTION_ACCESS_VIOLATION (0xc0000005) at pc=0x00007ff99acf7367]
VM state: not at safepoint (not fully initialized)

VM Mutex/Monitor currently owned by a thread:  ([mutex/lock_event])
[0x00007ff99b5fcec8] Heap_lock - owner thread: 0x000001d242652560

Heap address: 0x0000000081a00000, size: 2022 MB, Compressed Oops mode: 32-bit

CDS archive(s) mapped at: [0x0000000000000000-0x0000000000000000-0x0000000000000000), size 0, SharedBaseAddress: 0x0000000800000000, ArchiveRelocationMode: 1.
Narrow klass base: 0x0000000000000000, Narrow klass shift: 0, Narrow klass range: 0x0

GC Precious Log:
 CardTable entry size: 512
 Card Set container configuration: InlinePtr #cards 5 size 8 Array Of Cards #cards 12 size 40 Howl #buckets 4 coarsen threshold 1843 Howl Bitmap #cards 512 size 80 coarsen threshold 460 Card regions per heap region 1 cards per card region 2048

Heap:
 garbage-first heap   total 0K, used 0K [0x0000000081a00000, 0x0000000100000000)
  region size 1024K, 0 young (0K), 0 survivors (0K)

[error occurred during error reporting (printing heap information), id 0xc0000005, EXCEPTION_ACCESS_VIOLATION (0xc0000005) at pc=0x00007ff99b0e7fa9]
GC Heap History (0 events):
No events

Dll operation events (1 events):
Event: 0.026 Loaded shared library C:\Program Files\Java\graalvm\bin\java.dll

Deoptimization events (0 events):
No events

Classes loaded (0 events):
No events

Classes unloaded (0 events):
No events

Classes redefined (0 events):
No events

Internal exceptions (0 events):
No events

ZGC Phase Switch (0 events):
No events

VM Operations (0 events):
No events

Events (0 events):
No events


Dynamic libraries:
0x00007ff7bd260000 - 0x00007ff7bd270000 	C:\Program Files\Java\graalvm\bin\java.EXE
0x00007ff9de590000 - 0x00007ff9de788000 	C:\WINDOWS\SYSTEM32\ntdll.dll
0x00007ff9de490000 - 0x00007ff9de54d000 	C:\WINDOWS\System32\KERNEL32.DLL
0x00007ff9dc2c0000 - 0x00007ff9dc5b6000 	C:\WINDOWS\System32\KERNELBASE.dll
0x00007ff9dbd60000 - 0x00007ff9dbe60000 	C:\WINDOWS\System32\ucrtbase.dll
0x00007ff9cef10000 - 0x00007ff9cef29000 	C:\Program Files\Java\graalvm\bin\jli.dll
0x00007ff9dca00000 - 0x00007ff9dcab0000 	C:\WINDOWS\System32\ADVAPI32.dll
0x00007ff9dcc10000 - 0x00007ff9dccae000 	C:\WINDOWS\System32\msvcrt.dll
0x00007ff9de240000 - 0x00007ff9de2e0000 	C:\WINDOWS\System32\sechost.dll
0x00007ff9d4890000 - 0x00007ff9d48ab000 	C:\Program Files\Java\graalvm\bin\VCRUNTIME140.dll
0x00007ff9dc600000 - 0x00007ff9dc723000 	C:\WINDOWS\System32\RPCRT4.dll
0x00007ff9dbf60000 - 0x00007ff9dbf87000 	C:\WINDOWS\System32\bcrypt.dll
0x00007ff9de2e0000 - 0x00007ff9de47f000 	C:\WINDOWS\System32\USER32.dll
0x00007ff9dc0c0000 - 0x00007ff9dc0e2000 	C:\WINDOWS\System32\win32u.dll
0x00007ff9dcab0000 - 0x00007ff9dcadb000 	C:\WINDOWS\System32\GDI32.dll
0x00007ff9c3440000 - 0x00007ff9c36da000 	C:\WINDOWS\WinSxS\amd64_microsoft.windows.common-controls_6595b64144ccf1df_6.0.19041.4355_none_60b8b9eb71f62e16\COMCTL32.dll
0x00007ff9dbc40000 - 0x00007ff9dbd57000 	C:\WINDOWS\System32\gdi32full.dll
0x00007ff9dc020000 - 0x00007ff9dc0bd000 	C:\WINDOWS\System32\msvcp_win.dll
0x00007ff9d62b0000 - 0x00007ff9d62ba000 	C:\WINDOWS\SYSTEM32\VERSION.dll
0x00007ff9dc5c0000 - 0x00007ff9dc5f2000 	C:\WINDOWS\System32\IMM32.DLL
0x00007ff9d6320000 - 0x00007ff9d632c000 	C:\Program Files\Java\graalvm\bin\vcruntime140_1.dll
0x00007ff9b9250000 - 0x00007ff9b92de000 	C:\Program Files\Java\graalvm\bin\msvcp140.dll
0x00007ff99a9c0000 - 0x00007ff99b6d7000 	C:\Program Files\Java\graalvm\bin\server\jvm.dll
0x00007ff9dd990000 - 0x00007ff9dd9fb000 	C:\WINDOWS\System32\WS2_32.dll
0x00007ff9db130000 - 0x00007ff9db17b000 	C:\WINDOWS\SYSTEM32\POWRPROF.dll
0x00007ff9d47a0000 - 0x00007ff9d47c7000 	C:\WINDOWS\SYSTEM32\WINMM.dll
0x00007ff9db030000 - 0x00007ff9db042000 	C:\WINDOWS\SYSTEM32\UMPDC.dll
0x00007ff9da420000 - 0x00007ff9da432000 	C:\WINDOWS\SYSTEM32\kernel.appcore.dll
0x00007ff9d5ba0000 - 0x00007ff9d5baa000 	C:\Program Files\Java\graalvm\bin\jimage.dll
0x00007ff9da100000 - 0x00007ff9da2e4000 	C:\WINDOWS\SYSTEM32\DBGHELP.DLL
0x00007ff9cd140000 - 0x00007ff9cd174000 	C:\WINDOWS\SYSTEM32\dbgcore.DLL
0x00007ff9dbf90000 - 0x00007ff9dc012000 	C:\WINDOWS\System32\bcryptPrimitives.dll
0x00007ff9c1bc0000 - 0x00007ff9c1bcf000 	C:\Program Files\Java\graalvm\bin\instrument.dll
0x00007ff9ceef0000 - 0x00007ff9cef0f000 	C:\Program Files\Java\graalvm\bin\java.dll
0x00007ff9bc250000 - 0x00007ff9bc28c000 	C:\Program Files\Java\graalvm\bin\jdwp.dll

dbghelp: loaded successfully - version: 4.0.5 - missing functions: none
symbol engine: initialized successfully - sym options: 0x614 - pdb path: .;C:\Program Files\Java\graalvm\bin;C:\WINDOWS\SYSTEM32;C:\WINDOWS\WinSxS\amd64_microsoft.windows.common-controls_6595b64144ccf1df_6.0.19041.4355_none_60b8b9eb71f62e16;C:\Program Files\Java\graalvm\bin\server

VM Arguments:
jvm_args: -XX:ThreadPriorityPolicy=1 -XX:+UnlockExperimentalVMOptions -XX:+EnableJVMCIProduct -XX:-UnlockExperimentalVMOptions -Dquarkus-internal.serialized-app-model.path=C:\Users\karim\IdeaProjects\rest-book\target\quarkus\bootstrap\dev-app-model.dat -javaagent:C:\Users\karim\.m2\repository\io\quarkus\quarkus-class-change-agent\3.11.1\quarkus-class-change-agent-3.11.1.jar -XX:TieredStopAtLevel=1 -agentlib:jdwp=transport=dt_socket,address=localhost:5005,server=y,suspend=n -Djava.util.logging.manager=org.jboss.logmanager.LogManager 
java_command: C:\Users\karim\IdeaProjects\rest-book\target\rest-book-dev.jar
java_class_path (initial): C:\Users\karim\IdeaProjects\rest-book\target\rest-book-dev.jar
Launcher Type: SUN_STANDARD

[Global flags]
     intx CICompilerCount                          = 4                                         {product} {ergonomic}
     uint ConcGCThreads                            = 2                                         {product} {ergonomic}
     bool EnableJVMCIProduct                       = true                                {JVMCI product} {jimage}
     uint G1ConcRefinementThreads                  = 8                                         {product} {ergonomic}
   size_t G1HeapRegionSize                         = 1048576                                   {product} {ergonomic}
    uintx GCDrainStackTargetSize                   = 64                                        {product} {ergonomic}
   size_t InitialHeapSize                          = 134217728                                 {product} {ergonomic}
   size_t MarkStackSize                            = 4194304                                   {product} {ergonomic}
   size_t MaxHeapSize                              = 2120220672                                {product} {ergonomic}
   size_t MinHeapDeltaBytes                        = 1048576                                   {product} {ergonomic}
   size_t MinHeapSize                              = 8388608                                   {product} {ergonomic}
    uintx NonNMethodCodeHeapSize                   = 4096                                   {pd product} {ergonomic}
    uintx NonProfiledCodeHeapSize                  = 0                                      {pd product} {ergonomic}
     bool ProfileInterpreter                       = false                                  {pd product} {command line}
    uintx ProfiledCodeHeapSize                     = 0                                      {pd product} {ergonomic}
   size_t SoftMaxHeapSize                          = 2120220672                             {manageable} {ergonomic}
      int ThreadPriorityPolicy                     = 1                                         {product} {jimage}
     intx TieredStopAtLevel                        = 1                                         {product} {command line}
     bool UseCompressedOops                        = true                           {product lp64_product} {ergonomic}
     bool UseG1GC                                  = true                                      {product} {ergonomic}
     bool UseLargePagesIndividualAllocation        = false                                  {pd product} {ergonomic}

Logging:
Log output configuration:
 #0: stdout all=warning uptime,level,tags foldmultilines=false
 #1: stderr all=off uptime,level,tags foldmultilines=false

Environment Variables:
JAVA_HOME=C:\Program Files\Java\graalvm
PATH=C:\Progra~1\Java\<graalvm>\bin;C:\Progra~1\Java\<graalvm>\bin;C:\Progra~1\Java\<graalvm>\bin;C:\WINDOWS\System32;C:\WINDOWS\system32;C:\WINDOWS;C:\WINDOWS\System32\Wbem;C:\WINDOWS\System32\WindowsPowerShell\v1.0\;C:\WINDOWS\System32\OpenSSH\;C:\Program Files\Docker\Docker\resources\bin;C:\WINDOWS\system32;C:\WINDOWS;C:\WINDOWS\System32\Wbem;C:\WINDOWS\System32\WindowsPowerShell\v1.0\;C:\WINDOWS\System32\OpenSSH\;C:\Program Files\Docker\Docker\resources\bin;C:\WINDOWS\system32;C:\WINDOWS;C:\WINDOWS\System32\Wbem;C:\WINDOWS\System32\WindowsPowerShell\v1.0\;C:\WINDOWS\System32\OpenSSH\;C:\Program Files\Docker\Docker\resources\bin;"C:\Users\karim\AppData\Local\Programs\Microsoft VS Code\bin;C:\Users\karim\AppData\Local\Microsoft\WindowsApps;C:\Program Files\Java\graalvm\bin;C:\Program Files\maven\bin;";
USERNAME=karim
OS=Windows_NT
PROCESSOR_IDENTIFIER=Intel64 Family 6 Model 94 Stepping 3, GenuineIntel
TMP=C:\Users\karim\AppData\Local\Temp
TEMP=C:\Users\karim\AppData\Local\Temp




Periodic native trim disabled

---------------  S Y S T E M  ---------------

OS:
 Windows 10 , 64 bit Build 19041 (10.0.19041.3636)
OS uptime: 1 days 2:07 hours
Hyper-V role detected

CPU: total 8 (initial active 8) (4 cores per cpu, 2 threads per core) family 6 model 94 stepping 3 microcode 0xcc, cx8, cmov, fxsr, ht, mmx, 3dnowpref, sse, sse2, sse3, ssse3, sse4.1, sse4.2, popcnt, lzcnt, tsc, tscinvbit, avx, avx2, aes, erms, clmul, bmi1, bmi2, rtm, adx, fma, vzeroupper, clflush, clflushopt, hv, rdtscp, f16c
Processor Information for all 8 processors :
  Max Mhz: 2592, Current Mhz: 2592, Mhz Limit: 2592

Memory: 4k page, system-wide physical 8084M (588M free)
TotalPageFile size 16084M (AvailPageFile size 112M)
current process WorkingSet (physical memory assigned to process): 10M, peak: 10M
current process commit charge ("private bytes"): 55M, peak: 183M

vm_info: Java HotSpot(TM) 64-Bit Server VM (21.0.3+7-LTS-jvmci-23.1-b37) for windows-amd64 JRE (21.0.3+7-LTS-jvmci-23.1-b37), built on 2024-03-13T18:09:03Z by "Buildbot" with MS VC++ 17.6 (VS2022)

END.
