#
# There is insufficient memory for the Java Runtime Environment to continue.
# Native memory allocation (mmap) failed to map 65536 bytes for Failed to commit metaspace.
# Possible reasons:
#   The system is out of physical RAM or swap space
#   The process is running with CompressedOops enabled, and the Java Heap may be blocking the growth of the native heap
# Possible solutions:
#   Reduce memory load on the system
#   Increase physical memory or swap space
#   Check if swap backing store is full
#   Decrease Java heap size (-Xmx/-Xms)
#   Decrease number of Java threads
#   Decrease Java thread stack sizes (-Xss)
#   Set larger code cache with -XX:ReservedCodeCacheSize=
#   JVM is running with Unscaled Compressed Oops mode in which the Java heap is
#     placed in the first 4GB address space. The Java Heap base address is the
#     maximum limit for the native heap growth. Please use -XX:HeapBaseMinAddress
#     to set the Java Heap base and to place the Java Heap above 4GB virtual address.
# This output file may be truncated or incomplete.
#
#  Out of Memory Error (virtualSpaceNode.cpp:112), pid=7288, tid=16932
#
# JRE version: Java(TM) SE Runtime Environment Oracle GraalVM 21.0.3+7.1 (21.0.3+7) (build 21.0.3+7-LTS-jvmci-23.1-b37)
# Java VM: Java HotSpot(TM) 64-Bit Server VM Oracle GraalVM 21.0.3+7.1 (21.0.3+7-LTS-jvmci-23.1-b37, mixed mode, emulated-client, sharing, tiered, jvmci, jvmci compiler, compressed oops, compressed class ptrs, g1 gc, windows-amd64)
# No core dump will be written. Minidumps are not enabled by default on client versions of Windows
#

---------------  S U M M A R Y ------------

Command Line: -XX:ThreadPriorityPolicy=1 -XX:+UnlockExperimentalVMOptions -XX:+EnableJVMCIProduct -XX:-UnlockExperimentalVMOptions -Dquarkus-internal.serialized-app-model.path=C:\Users\karim\IdeaProjects\rest-book\target\quarkus\bootstrap\dev-app-model.dat -javaagent:C:\Users\karim\.m2\repository\io\quarkus\quarkus-class-change-agent\3.11.1\quarkus-class-change-agent-3.11.1.jar -XX:TieredStopAtLevel=1 -agentlib:jdwp=transport=dt_socket,address=localhost:5005,server=y,suspend=n -Djava.util.logging.manager=org.jboss.logmanager.LogManager C:\Users\karim\IdeaProjects\rest-book\target\rest-book-dev.jar

Host: Intel(R) Core(TM) i7-6700HQ CPU @ 2.60GHz, 8 cores, 7G,  Windows 10 , 64 bit Build 19041 (10.0.19041.3636)
Time: Thu Jun  6 17:48:10 2024 Paris, Madrid (heure duild 19041 (10.0.19041.3636) elapsed time: 0.915594 seconds (0d 0h 0m 0s)

---------------  T H R E A D  ---------------

Current thread (0x0000022ae3250d40):  JavaThread "main"             [_thread_in_vm, id=16932, stack(0x0000003488a00000,0x0000003488b00000) (1024K)]

Stack: [0x0000003488a00000,0x0000003488b00000]
Native frames: (J=compiled Java code, j=interpreted, Vv=VM code, C=native code)
V  [jvm.dll+0x6cfcf9]
V  [jvm.dll+0x859351]
V  [jvm.dll+0x85b87e]
V  [jvm.dll+0x85bf53]
V  [jvm.dll+0x27d036]
V  [jvm.dll+0x854f7e]
V  [jvm.dll+0x673af5]
V  [jvm.dll+0x673b5a]
V  [jvm.dll+0x676375]
V  [jvm.dll+0x676242]
V  [jvm.dll+0x6744ce]
V  [jvm.dll+0x268987]
V  [jvm.dll+0x210608]
V  [jvm.dll+0x2152f0]
V  [jvm.dll+0x20ac1e]
V  [jvm.dll+0x5b2fdc]
V  [jvm.dll+0x7d390d]
V  [jvm.dll+0x46df2a]
V  [jvm.dll+0x481256]
C  [java.dll+0x1657]

Java frames: (J=compiled Java code, j=interpreted, Vv=VM code)
j  java.lang.ClassLoader.defineClass0(Ljava/lang/ClassLoader;Ljava/lang/Class;Ljava/lang/String;[BIILjava/security/ProtectionDomain;ZILjava/lang/Object;)Ljava/lang/Class;+0 java.base@21.0.3
j  java.lang.System$2.defineClass(Ljava/lang/ClassLoader;Ljava/lang/Class;Ljava/lang/String;[BLjava/security/ProtectionDomain;ZILjava/lang/Object;)Ljava/lang/Class;+17 java.base@21.0.3
j  java.lang.invoke.MethodHandles$Lookup$ClassDefiner.defineClass(ZLjava/lang/Object;)Ljava/lang/Class;+57 java.base@21.0.3
j  java.lang.invoke.InnerClassLambdaMetafactory.generateInnerClass()Ljava/lang/Class;+490 java.base@21.0.3
j  java.lang.invoke.InnerClassLambdaMetafactory.spinInnerClass()Ljava/lang/Class;+114 java.base@21.0.3
j  java.lang.invoke.InnerClassLambdaMetafactory.buildCallSite()Ljava/lang/invoke/CallSite;+1 java.base@21.0.3
j  java.lang.invoke.LambdaMetafactory.metafactory(Ljava/lang/invoke/MethodHandles$Lookup;Ljava/lang/String;Ljava/lang/invoke/MethodType;Ljava/lang/invoke/MethodType;Ljava/lang/invoke/MethodHandle;Ljava/lang/invoke/MethodType;)Ljava/lang/invoke/CallSite;+67 java.base@21.0.3
j  java.lang.invoke.DirectMethodHandle$Holder.invokeStatic(Ljava/lang/Object;Ljava/lang/Object;Ljava/lang/Object;Ljava/lang/Object;Ljava/lang/Object;Ljava/lang/Object;Ljava/lang/Object;)Ljava/lang/Object;+20 java.base@21.0.3
j  java.lang.invoke.Invokers$Holder.invokeExact_MT(Ljava/lang/Object;Ljava/lang/Object;Ljava/lang/Object;Ljava/lang/Object;Ljava/lang/Object;Ljava/lang/Object;Ljava/lang/Object;Ljava/lang/Object;)Ljava/lang/Object;+28 java.base@21.0.3
j  java.lang.invoke.BootstrapMethodInvoker.invoke(Ljava/lang/Class;Ljava/lang/invoke/MethodHandle;Ljava/lang/String;Ljava/lang/Object;Ljava/lang/Object;Ljava/lang/Class;)Ljava/lang/Object;+319 java.base@21.0.3
j  java.lang.invoke.CallSite.makeSite(Ljava/lang/invoke/MethodHandle;Ljava/lang/String;Ljava/lang/invoke/MethodType;Ljava/lang/Object;Ljava/lang/Class;)Ljava/lang/invoke/CallSite;+8 java.base@21.0.3
j  java.lang.invoke.MethodHandleNatives.linkCallSiteImpl(Ljava/lang/Class;Ljava/lang/invoke/MethodHandle;Ljava/lang/String;Ljava/lang/invoke/MethodType;Ljava/lang/Object;[Ljava/lang/Object;)Ljava/lang/invoke/MemberName;+6 java.base@21.0.3
j  java.lang.invoke.MethodHandleNatives.linkCallSite(Ljava/lang/Object;Ljava/lang/Object;Ljava/lang/Object;Ljava/lang/Object;Ljava/lang/Object;[Ljava/lang/Object;)Ljava/lang/invoke/MemberName;+45 java.base@21.0.3
v  ~StubRoutines::call_stub 0x0000022aeea2100d
j  java.util.function.Function.identity()Ljava/util/function/Function;+0 java.base@21.0.3
j  jdk.nio.zipfs.ZipFileSystem.<init>(Ljdk/nio/zipfs/ZipFileSystemProvider;Ljava/nio/file/Path;Ljava/util/Map;)V+18 jdk.zipfs@21.0.3
j  jdk.nio.zipfs.ZipFileSystemProvider.getZipFileSystem(Ljava/nio/file/Path;Ljava/util/Map;)Ljdk/nio/zipfs/ZipFileSystem;+7 jdk.zipfs@21.0.3
j  jdk.nio.zipfs.ZipFileSystemProvider.newFileSystem(Ljava/nio/file/Path;Ljava/util/Map;)Ljava/nio/file/FileSystem;+9 jdk.zipfs@21.0.3
j  io.quarkus.fs.util.ZipUtils.newFileSystem(Ljava/nio/file/Path;Ljava/util/Map;)Ljava/nio/file/FileSystem;+30
j  io.quarkus.fs.util.ZipUtils.newFileSystem(Ljava/nio/file/Path;)Ljava/nio/file/FileSystem;+4
j  io.quarkus.paths.ArchivePathTree.openFs()Ljava/nio/file/FileSystem;+4
j  io.quarkus.paths.SharedArchivePathTree.open()Lio/quarkus/paths/OpenPathTree;+32
j  io.quarkus.bootstrap.classloading.PathTreeClassPathElement.<init>(Lio/quarkus/paths/PathTree;ZLio/quarkus/maven/dependency/ResolvedDependency;)V+14
j  io.quarkus.bootstrap.classloading.ClassPathElement.fromDependency(Lio/quarkus/maven/dependency/ResolvedDependency;)Lio/quarkus/bootstrap/classloading/ClassPathElement;+17
j  io.quarkus.bootstrap.app.CuratedApplication.processCpElement(Lio/quarkus/maven/dependency/ResolvedDependency;Ljava/util/function/Consumer;)V+123
j  io.quarkus.bootstrap.app.CuratedApplication.getAugmentClassLoader()Lio/quarkus/bootstrap/classloading/QuarkusClassLoader;+169
j  io.quarkus.bootstrap.app.CuratedApplication.runInAugmentClassLoader(Ljava/lang/String;Ljava/util/Map;)Ljava/lang/Object;+4
j  io.quarkus.deployment.dev.DevModeMain.start()V+649
j  io.quarkus.deployment.dev.DevModeMain.main([Ljava/lang/String;)V+63
v  ~StubRoutines::call_stub 0x0000022aeea2100d

---------------  P R O C E S S  ---------------

Threads class SMR info:
_java_thread_list=0x0000022afc2d9190, length=14, elements={
0x0000022ae3250d40, 0x0000022af754bbb0, 0x0000022af754cc80, 0x0000022af7552010,
0x0000022af7555bf0, 0x0000022af7557d60, 0x0000022af7559f70, 0x0000022af7567a60,
0x0000022af77b3320, 0x0000022af77bd130, 0x0000022afc2b01c0, 0x0000022afc2b3e90,
0x0000022af77b4d60, 0x0000022af77b18e0
}

Java Threads: ( => current thread )
=>0x0000022ae3250d40 JavaThread "main"                              [_thread_in_vm, id=16932, stack(0x0000003488a00000,0x0000003488b00000) (1024K)]
  0x0000022af754bbb0 JavaThread "Reference Handler"          daemon [_thread_blocked, id=6652, stack(0x0000003489200000,0x0000003489300000) (1024K)]
  0x0000022af754cc80 JavaThread "Finalizer"                  daemon [_thread_blocked, id=20296, stack(0x0000003489300000,0x0000003489400000) (1024K)]
  0x0000022af7552010 JavaThread "Signal Dispatcher"          daemon [_thread_blocked, id=21516, stack(0x0000003489400000,0x0000003489500000) (1024K)]
  0x0000022af7555bf0 JavaThread "Attach Listener"            daemon [_thread_blocked, id=11156, stack(0x0000003489500000,0x0000003489600000) (1024K)]
  0x0000022af7557d60 JavaThread "Service Thread"             daemon [_thread_blocked, id=20900, stack(0x0000003489600000,0x0000003489700000) (1024K)]
  0x0000022af7559f70 JavaThread "Monitor Deflation Thread"   daemon [_thread_blocked, id=23084, stack(0x0000003489700000,0x0000003489800000) (1024K)]
  0x0000022af7567a60 JavaThread "C1 CompilerThread0"         daemon [_thread_blocked, id=11812, stack(0x0000003489800000,0x0000003489900000) (1024K)]
  0x0000022af77b3320 JavaThread "Common-Cleaner"             daemon [_thread_blocked, id=17296, stack(0x0000003489900000,0x0000003489a00000) (1024K)]
  0x0000022af77bd130 JavaThread "C1 CompilerThread1"         daemon [_thread_blocked, id=19984, stack(0x0000003489a00000,0x0000003489b00000) (1024K)]
  0x0000022afc2b01c0 JavaThread "JDWP Transport Listener: dt_socket" daemon [_thread_in_native, id=23128, stack(0x0000003489b00000,0x0000003489c00000) (1024K)]
  0x0000022afc2b3e90 JavaThread "JDWP Event Helper Thread"   daemon [_thread_blocked, id=22356, stack(0x0000003489c00000,0x0000003489d00000) (1024K)]
  0x0000022af77b4d60 JavaThread "Notification Thread"        daemon [_thread_blocked, id=15116, stack(0x0000003489d00000,0x0000003489e00000) (1024K)]
  0x0000022af77b18e0 JavaThread "Reference Reaper #1"        daemon [_thread_blocked, id=8752, stack(0x0000003489e00000,0x0000003489f00000) (1024K)]
Total: 14

Other Threads:
  0x0000022af752d5d0 VMThread "VM Thread"                           [id=8284, stack(0x0000003489100000,0x0000003489200000) (1024K)]
  0x0000022af7511cb0 WatcherThread "VM Periodic Task Thread"        [id=5864, stack(0x0000003489000000,0x0000003489100000) (1024K)]
  0x0000022ae34f3fe0 WorkerThread "GC Thread#0"                     [id=1956, stack(0x0000003488b00000,0x0000003488c00000) (1024K)]
  0x0000022ae331def0 ConcurrentGCThread "G1 Main Marker"            [id=17732, stack(0x0000003488c00000,0x0000003488d00000) (1024K)]
  0x0000022ae3502eb0 WorkerThread "G1 Conc#0"                       [id=20764, stack(0x0000003488d00000,0x0000003488e00000) (1024K)]
  0x0000022ae356e570 ConcurrentGCThread "G1 Refine#0"               [id=10964, stack(0x0000003488e00000,0x0000003488f00000) (1024K)]
  0x0000022af73d8250 ConcurrentGCThread "G1 Service"                [id=1840, stack(0x0000003488f00000,0x0000003489000000) (1024K)]
Total: 7

Threads with active compile tasks:
Total: 0

VM state: not at safepoint (normal execution)

VM Mutex/Monitor currently owned by a thread:  ([mutex/lock_event])
[0x00007ff99b5fad48] Metaspace_lock - owner thread: 0x0000022ae3250d40

Heap address: 0x0000000081a00000, size: 2022 MB, Compressed Oops mode: 32-bit

CDS archive(s) mapped at: [0x0000022a80000000-0x0000022a80c90000-0x0000022a80c90000), size 13172736, SharedBaseAddress: 0x0000022a80000000, ArchiveRelocationMode: 1.
Compressed class space mapped at: 0x0000022a81000000-0x0000022ac1000000, reserved size: 1073741824
Narrow klass base: 0x0000022a80000000, Narrow klass shift: 0, Narrow klass range: 0x100000000

GC Precious Log:
 CardTable entry size: 512
 Card Set container configuration: InlinePtr #cards 5 size 8 Array Of Cards #cards 12 size 40 Howl #buckets 4 coarsen threshold 1843 Howl Bitmap #cards 512 size 80 coarsen threshold 460 Card regions per heap region 1 cards per card region 2048
 CPUs: 8 total, 8 available
 Memory: 8084M
 Large Page Support: Disabled
 NUMA Support: Disabled
 Compressed Oops: Enabled (32-bit)
 Heap Region Size: 1M
 Heap Min Capacity: 8M
 Heap Initial Capacity: 128M
 Heap Max Capacity: 2022M
 Pre-touch: Disabled
 Parallel Workers: 8
 Concurrent Workers: 2
 Concurrent Refinement Workers: 8
 Periodic GC: Disabled

Heap:
 garbage-first heap   total 131072K, used 12288K [0x0000000081a00000, 0x0000000100000000)
  region size 1024K, 13 young (13312K), 0 survivors (0K)
 Metaspace       used 3367K, committed 3584K, reserved 1114112K
  class space    used 388K, committed 512K, reserved 1048576K

Heap Regions: E=young(eden), S=young(survivor), O=old, HS=humongous(starts), HC=humongous(continues), CS=collection set, F=free, TAMS=top-at-mark-start, PB=parsable bottom
|   0|0x0000000081a00000, 0x0000000081a00000, 0x0000000081b00000|  0%| F|  |TAMS 0x0000000081a00000| PB 0x0000000081a00000| Untracked 
|   1|0x0000000081b00000, 0x0000000081b00000, 0x0000000081c00000|  0%| F|  |TAMS 0x0000000081b00000| PB 0x0000000081b00000| Untracked 
|   2|0x0000000081c00000, 0x0000000081c00000, 0x0000000081d00000|  0%| F|  |TAMS 0x0000000081c00000| PB 0x0000000081c00000| Untracked 
|   3|0x0000000081d00000, 0x0000000081d00000, 0x0000000081e00000|  0%| F|  |TAMS 0x0000000081d00000| PB 0x0000000081d00000| Untracked 
|   4|0x0000000081e00000, 0x0000000081e00000, 0x0000000081f00000|  0%| F|  |TAMS 0x0000000081e00000| PB 0x0000000081e00000| Untracked 
|   5|0x0000000081f00000, 0x0000000081f00000, 0x0000000082000000|  0%| F|  |TAMS 0x0000000081f00000| PB 0x0000000081f00000| Untracked 
|   6|0x0000000082000000, 0x0000000082000000, 0x0000000082100000|  0%| F|  |TAMS 0x0000000082000000| PB 0x0000000082000000| Untracked 
|   7|0x0000000082100000, 0x0000000082100000, 0x0000000082200000|  0%| F|  |TAMS 0x0000000082100000| PB 0x0000000082100000| Untracked 
|   8|0x0000000082200000, 0x0000000082200000, 0x0000000082300000|  0%| F|  |TAMS 0x0000000082200000| PB 0x0000000082200000| Untracked 
|   9|0x0000000082300000, 0x0000000082300000, 0x0000000082400000|  0%| F|  |TAMS 0x0000000082300000| PB 0x0000000082300000| Untracked 
|  10|0x0000000082400000, 0x0000000082400000, 0x0000000082500000|  0%| F|  |TAMS 0x0000000082400000| PB 0x0000000082400000| Untracked 
|  11|0x0000000082500000, 0x0000000082500000, 0x0000000082600000|  0%| F|  |TAMS 0x0000000082500000| PB 0x0000000082500000| Untracked 
|  12|0x0000000082600000, 0x0000000082600000, 0x0000000082700000|  0%| F|  |TAMS 0x0000000082600000| PB 0x0000000082600000| Untracked 
|  13|0x0000000082700000, 0x0000000082700000, 0x0000000082800000|  0%| F|  |TAMS 0x0000000082700000| PB 0x0000000082700000| Untracked 
|  14|0x0000000082800000, 0x0000000082800000, 0x0000000082900000|  0%| F|  |TAMS 0x0000000082800000| PB 0x0000000082800000| Untracked 
|  15|0x0000000082900000, 0x0000000082900000, 0x0000000082a00000|  0%| F|  |TAMS 0x0000000082900000| PB 0x0000000082900000| Untracked 
|  16|0x0000000082a00000, 0x0000000082a00000, 0x0000000082b00000|  0%| F|  |TAMS 0x0000000082a00000| PB 0x0000000082a00000| Untracked 
|  17|0x0000000082b00000, 0x0000000082b00000, 0x0000000082c00000|  0%| F|  |TAMS 0x0000000082b00000| PB 0x0000000082b00000| Untracked 
|  18|0x0000000082c00000, 0x0000000082c00000, 0x0000000082d00000|  0%| F|  |TAMS 0x0000000082c00000| PB 0x0000000082c00000| Untracked 
|  19|0x0000000082d00000, 0x0000000082d00000, 0x0000000082e00000|  0%| F|  |TAMS 0x0000000082d00000| PB 0x0000000082d00000| Untracked 
|  20|0x0000000082e00000, 0x0000000082e00000, 0x0000000082f00000|  0%| F|  |TAMS 0x0000000082e00000| PB 0x0000000082e00000| Untracked 
|  21|0x0000000082f00000, 0x0000000082f00000, 0x0000000083000000|  0%| F|  |TAMS 0x0000000082f00000| PB 0x0000000082f00000| Untracked 
|  22|0x0000000083000000, 0x0000000083000000, 0x0000000083100000|  0%| F|  |TAMS 0x0000000083000000| PB 0x0000000083000000| Untracked 
|  23|0x0000000083100000, 0x0000000083100000, 0x0000000083200000|  0%| F|  |TAMS 0x0000000083100000| PB 0x0000000083100000| Untracked 
|  24|0x0000000083200000, 0x0000000083200000, 0x0000000083300000|  0%| F|  |TAMS 0x0000000083200000| PB 0x0000000083200000| Untracked 
|  25|0x0000000083300000, 0x0000000083300000, 0x0000000083400000|  0%| F|  |TAMS 0x0000000083300000| PB 0x0000000083300000| Untracked 
|  26|0x0000000083400000, 0x0000000083400000, 0x0000000083500000|  0%| F|  |TAMS 0x0000000083400000| PB 0x0000000083400000| Untracked 
|  27|0x0000000083500000, 0x0000000083500000, 0x0000000083600000|  0%| F|  |TAMS 0x0000000083500000| PB 0x0000000083500000| Untracked 
|  28|0x0000000083600000, 0x0000000083600000, 0x0000000083700000|  0%| F|  |TAMS 0x0000000083600000| PB 0x0000000083600000| Untracked 
|  29|0x0000000083700000, 0x0000000083700000, 0x0000000083800000|  0%| F|  |TAMS 0x0000000083700000| PB 0x0000000083700000| Untracked 
|  30|0x0000000083800000, 0x0000000083800000, 0x0000000083900000|  0%| F|  |TAMS 0x0000000083800000| PB 0x0000000083800000| Untracked 
|  31|0x0000000083900000, 0x0000000083900000, 0x0000000083a00000|  0%| F|  |TAMS 0x0000000083900000| PB 0x0000000083900000| Untracked 
|  32|0x0000000083a00000, 0x0000000083a00000, 0x0000000083b00000|  0%| F|  |TAMS 0x0000000083a00000| PB 0x0000000083a00000| Untracked 
|  33|0x0000000083b00000, 0x0000000083b00000, 0x0000000083c00000|  0%| F|  |TAMS 0x0000000083b00000| PB 0x0000000083b00000| Untracked 
|  34|0x0000000083c00000, 0x0000000083c00000, 0x0000000083d00000|  0%| F|  |TAMS 0x0000000083c00000| PB 0x0000000083c00000| Untracked 
|  35|0x0000000083d00000, 0x0000000083d00000, 0x0000000083e00000|  0%| F|  |TAMS 0x0000000083d00000| PB 0x0000000083d00000| Untracked 
|  36|0x0000000083e00000, 0x0000000083e00000, 0x0000000083f00000|  0%| F|  |TAMS 0x0000000083e00000| PB 0x0000000083e00000| Untracked 
|  37|0x0000000083f00000, 0x0000000083f00000, 0x0000000084000000|  0%| F|  |TAMS 0x0000000083f00000| PB 0x0000000083f00000| Untracked 
|  38|0x0000000084000000, 0x0000000084000000, 0x0000000084100000|  0%| F|  |TAMS 0x0000000084000000| PB 0x0000000084000000| Untracked 
|  39|0x0000000084100000, 0x0000000084100000, 0x0000000084200000|  0%| F|  |TAMS 0x0000000084100000| PB 0x0000000084100000| Untracked 
|  40|0x0000000084200000, 0x0000000084200000, 0x0000000084300000|  0%| F|  |TAMS 0x0000000084200000| PB 0x0000000084200000| Untracked 
|  41|0x0000000084300000, 0x0000000084300000, 0x0000000084400000|  0%| F|  |TAMS 0x0000000084300000| PB 0x0000000084300000| Untracked 
|  42|0x0000000084400000, 0x0000000084400000, 0x0000000084500000|  0%| F|  |TAMS 0x0000000084400000| PB 0x0000000084400000| Untracked 
|  43|0x0000000084500000, 0x0000000084500000, 0x0000000084600000|  0%| F|  |TAMS 0x0000000084500000| PB 0x0000000084500000| Untracked 
|  44|0x0000000084600000, 0x0000000084600000, 0x0000000084700000|  0%| F|  |TAMS 0x0000000084600000| PB 0x0000000084600000| Untracked 
|  45|0x0000000084700000, 0x0000000084700000, 0x0000000084800000|  0%| F|  |TAMS 0x0000000084700000| PB 0x0000000084700000| Untracked 
|  46|0x0000000084800000, 0x0000000084800000, 0x0000000084900000|  0%| F|  |TAMS 0x0000000084800000| PB 0x0000000084800000| Untracked 
|  47|0x0000000084900000, 0x0000000084900000, 0x0000000084a00000|  0%| F|  |TAMS 0x0000000084900000| PB 0x0000000084900000| Untracked 
|  48|0x0000000084a00000, 0x0000000084a00000, 0x0000000084b00000|  0%| F|  |TAMS 0x0000000084a00000| PB 0x0000000084a00000| Untracked 
|  49|0x0000000084b00000, 0x0000000084b00000, 0x0000000084c00000|  0%| F|  |TAMS 0x0000000084b00000| PB 0x0000000084b00000| Untracked 
|  50|0x0000000084c00000, 0x0000000084c00000, 0x0000000084d00000|  0%| F|  |TAMS 0x0000000084c00000| PB 0x0000000084c00000| Untracked 
|  51|0x0000000084d00000, 0x0000000084d00000, 0x0000000084e00000|  0%| F|  |TAMS 0x0000000084d00000| PB 0x0000000084d00000| Untracked 
|  52|0x0000000084e00000, 0x0000000084e00000, 0x0000000084f00000|  0%| F|  |TAMS 0x0000000084e00000| PB 0x0000000084e00000| Untracked 
|  53|0x0000000084f00000, 0x0000000084f00000, 0x0000000085000000|  0%| F|  |TAMS 0x0000000084f00000| PB 0x0000000084f00000| Untracked 
|  54|0x0000000085000000, 0x0000000085000000, 0x0000000085100000|  0%| F|  |TAMS 0x0000000085000000| PB 0x0000000085000000| Untracked 
|  55|0x0000000085100000, 0x0000000085100000, 0x0000000085200000|  0%| F|  |TAMS 0x0000000085100000| PB 0x0000000085100000| Untracked 
|  56|0x0000000085200000, 0x0000000085200000, 0x0000000085300000|  0%| F|  |TAMS 0x0000000085200000| PB 0x0000000085200000| Untracked 
|  57|0x0000000085300000, 0x0000000085300000, 0x0000000085400000|  0%| F|  |TAMS 0x0000000085300000| PB 0x0000000085300000| Untracked 
|  58|0x0000000085400000, 0x0000000085400000, 0x0000000085500000|  0%| F|  |TAMS 0x0000000085400000| PB 0x0000000085400000| Untracked 
|  59|0x0000000085500000, 0x0000000085500000, 0x0000000085600000|  0%| F|  |TAMS 0x0000000085500000| PB 0x0000000085500000| Untracked 
|  60|0x0000000085600000, 0x0000000085600000, 0x0000000085700000|  0%| F|  |TAMS 0x0000000085600000| PB 0x0000000085600000| Untracked 
|  61|0x0000000085700000, 0x0000000085700000, 0x0000000085800000|  0%| F|  |TAMS 0x0000000085700000| PB 0x0000000085700000| Untracked 
|  62|0x0000000085800000, 0x0000000085800000, 0x0000000085900000|  0%| F|  |TAMS 0x0000000085800000| PB 0x0000000085800000| Untracked 
|  63|0x0000000085900000, 0x0000000085900000, 0x0000000085a00000|  0%| F|  |TAMS 0x0000000085900000| PB 0x0000000085900000| Untracked 
|  64|0x0000000085a00000, 0x0000000085a00000, 0x0000000085b00000|  0%| F|  |TAMS 0x0000000085a00000| PB 0x0000000085a00000| Untracked 
|  65|0x0000000085b00000, 0x0000000085b00000, 0x0000000085c00000|  0%| F|  |TAMS 0x0000000085b00000| PB 0x0000000085b00000| Untracked 
|  66|0x0000000085c00000, 0x0000000085c00000, 0x0000000085d00000|  0%| F|  |TAMS 0x0000000085c00000| PB 0x0000000085c00000| Untracked 
|  67|0x0000000085d00000, 0x0000000085d00000, 0x0000000085e00000|  0%| F|  |TAMS 0x0000000085d00000| PB 0x0000000085d00000| Untracked 
|  68|0x0000000085e00000, 0x0000000085e00000, 0x0000000085f00000|  0%| F|  |TAMS 0x0000000085e00000| PB 0x0000000085e00000| Untracked 
|  69|0x0000000085f00000, 0x0000000085f00000, 0x0000000086000000|  0%| F|  |TAMS 0x0000000085f00000| PB 0x0000000085f00000| Untracked 
|  70|0x0000000086000000, 0x0000000086000000, 0x0000000086100000|  0%| F|  |TAMS 0x0000000086000000| PB 0x0000000086000000| Untracked 
|  71|0x0000000086100000, 0x0000000086100000, 0x0000000086200000|  0%| F|  |TAMS 0x0000000086100000| PB 0x0000000086100000| Untracked 
|  72|0x0000000086200000, 0x0000000086200000, 0x0000000086300000|  0%| F|  |TAMS 0x0000000086200000| PB 0x0000000086200000| Untracked 
|  73|0x0000000086300000, 0x0000000086300000, 0x0000000086400000|  0%| F|  |TAMS 0x0000000086300000| PB 0x0000000086300000| Untracked 
|  74|0x0000000086400000, 0x0000000086400000, 0x0000000086500000|  0%| F|  |TAMS 0x0000000086400000| PB 0x0000000086400000| Untracked 
|  75|0x0000000086500000, 0x0000000086500000, 0x0000000086600000|  0%| F|  |TAMS 0x0000000086500000| PB 0x0000000086500000| Untracked 
|  76|0x0000000086600000, 0x0000000086600000, 0x0000000086700000|  0%| F|  |TAMS 0x0000000086600000| PB 0x0000000086600000| Untracked 
|  77|0x0000000086700000, 0x0000000086700000, 0x0000000086800000|  0%| F|  |TAMS 0x0000000086700000| PB 0x0000000086700000| Untracked 
|  78|0x0000000086800000, 0x0000000086800000, 0x0000000086900000|  0%| F|  |TAMS 0x0000000086800000| PB 0x0000000086800000| Untracked 
|  79|0x0000000086900000, 0x0000000086900000, 0x0000000086a00000|  0%| F|  |TAMS 0x0000000086900000| PB 0x0000000086900000| Untracked 
|  80|0x0000000086a00000, 0x0000000086a00000, 0x0000000086b00000|  0%| F|  |TAMS 0x0000000086a00000| PB 0x0000000086a00000| Untracked 
|  81|0x0000000086b00000, 0x0000000086b00000, 0x0000000086c00000|  0%| F|  |TAMS 0x0000000086b00000| PB 0x0000000086b00000| Untracked 
|  82|0x0000000086c00000, 0x0000000086c00000, 0x0000000086d00000|  0%| F|  |TAMS 0x0000000086c00000| PB 0x0000000086c00000| Untracked 
|  83|0x0000000086d00000, 0x0000000086d00000, 0x0000000086e00000|  0%| F|  |TAMS 0x0000000086d00000| PB 0x0000000086d00000| Untracked 
|  84|0x0000000086e00000, 0x0000000086e00000, 0x0000000086f00000|  0%| F|  |TAMS 0x0000000086e00000| PB 0x0000000086e00000| Untracked 
|  85|0x0000000086f00000, 0x0000000086f00000, 0x0000000087000000|  0%| F|  |TAMS 0x0000000086f00000| PB 0x0000000086f00000| Untracked 
|  86|0x0000000087000000, 0x0000000087000000, 0x0000000087100000|  0%| F|  |TAMS 0x0000000087000000| PB 0x0000000087000000| Untracked 
|  87|0x0000000087100000, 0x0000000087100000, 0x0000000087200000|  0%| F|  |TAMS 0x0000000087100000| PB 0x0000000087100000| Untracked 
|  88|0x0000000087200000, 0x0000000087200000, 0x0000000087300000|  0%| F|  |TAMS 0x0000000087200000| PB 0x0000000087200000| Untracked 
|  89|0x0000000087300000, 0x0000000087300000, 0x0000000087400000|  0%| F|  |TAMS 0x0000000087300000| PB 0x0000000087300000| Untracked 
|  90|0x0000000087400000, 0x0000000087400000, 0x0000000087500000|  0%| F|  |TAMS 0x0000000087400000| PB 0x0000000087400000| Untracked 
|  91|0x0000000087500000, 0x0000000087500000, 0x0000000087600000|  0%| F|  |TAMS 0x0000000087500000| PB 0x0000000087500000| Untracked 
|  92|0x0000000087600000, 0x0000000087600000, 0x0000000087700000|  0%| F|  |TAMS 0x0000000087600000| PB 0x0000000087600000| Untracked 
|  93|0x0000000087700000, 0x0000000087700000, 0x0000000087800000|  0%| F|  |TAMS 0x0000000087700000| PB 0x0000000087700000| Untracked 
|  94|0x0000000087800000, 0x0000000087800000, 0x0000000087900000|  0%| F|  |TAMS 0x0000000087800000| PB 0x0000000087800000| Untracked 
|  95|0x0000000087900000, 0x0000000087900000, 0x0000000087a00000|  0%| F|  |TAMS 0x0000000087900000| PB 0x0000000087900000| Untracked 
|  96|0x0000000087a00000, 0x0000000087a00000, 0x0000000087b00000|  0%| F|  |TAMS 0x0000000087a00000| PB 0x0000000087a00000| Untracked 
|  97|0x0000000087b00000, 0x0000000087b00000, 0x0000000087c00000|  0%| F|  |TAMS 0x0000000087b00000| PB 0x0000000087b00000| Untracked 
|  98|0x0000000087c00000, 0x0000000087c00000, 0x0000000087d00000|  0%| F|  |TAMS 0x0000000087c00000| PB 0x0000000087c00000| Untracked 
|  99|0x0000000087d00000, 0x0000000087d00000, 0x0000000087e00000|  0%| F|  |TAMS 0x0000000087d00000| PB 0x0000000087d00000| Untracked 
| 100|0x0000000087e00000, 0x0000000087e00000, 0x0000000087f00000|  0%| F|  |TAMS 0x0000000087e00000| PB 0x0000000087e00000| Untracked 
| 101|0x0000000087f00000, 0x0000000087f00000, 0x0000000088000000|  0%| F|  |TAMS 0x0000000087f00000| PB 0x0000000087f00000| Untracked 
| 102|0x0000000088000000, 0x0000000088000000, 0x0000000088100000|  0%| F|  |TAMS 0x0000000088000000| PB 0x0000000088000000| Untracked 
| 103|0x0000000088100000, 0x0000000088100000, 0x0000000088200000|  0%| F|  |TAMS 0x0000000088100000| PB 0x0000000088100000| Untracked 
| 104|0x0000000088200000, 0x0000000088200000, 0x0000000088300000|  0%| F|  |TAMS 0x0000000088200000| PB 0x0000000088200000| Untracked 
| 105|0x0000000088300000, 0x0000000088300000, 0x0000000088400000|  0%| F|  |TAMS 0x0000000088300000| PB 0x0000000088300000| Untracked 
| 106|0x0000000088400000, 0x0000000088400000, 0x0000000088500000|  0%| F|  |TAMS 0x0000000088400000| PB 0x0000000088400000| Untracked 
| 107|0x0000000088500000, 0x0000000088500000, 0x0000000088600000|  0%| F|  |TAMS 0x0000000088500000| PB 0x0000000088500000| Untracked 
| 108|0x0000000088600000, 0x0000000088600000, 0x0000000088700000|  0%| F|  |TAMS 0x0000000088600000| PB 0x0000000088600000| Untracked 
| 109|0x0000000088700000, 0x0000000088700000, 0x0000000088800000|  0%| F|  |TAMS 0x0000000088700000| PB 0x0000000088700000| Untracked 
| 110|0x0000000088800000, 0x0000000088800000, 0x0000000088900000|  0%| F|  |TAMS 0x0000000088800000| PB 0x0000000088800000| Untracked 
| 111|0x0000000088900000, 0x0000000088900000, 0x0000000088a00000|  0%| F|  |TAMS 0x0000000088900000| PB 0x0000000088900000| Untracked 
| 112|0x0000000088a00000, 0x0000000088a00000, 0x0000000088b00000|  0%| F|  |TAMS 0x0000000088a00000| PB 0x0000000088a00000| Untracked 
| 113|0x0000000088b00000, 0x0000000088b00000, 0x0000000088c00000|  0%| F|  |TAMS 0x0000000088b00000| PB 0x0000000088b00000| Untracked 
| 114|0x0000000088c00000, 0x0000000088c00000, 0x0000000088d00000|  0%| F|  |TAMS 0x0000000088c00000| PB 0x0000000088c00000| Untracked 
| 115|0x0000000088d00000, 0x0000000088df15b0, 0x0000000088e00000| 94%| E|  |TAMS 0x0000000088d00000| PB 0x0000000088d00000| Complete 
| 116|0x0000000088e00000, 0x0000000088f00000, 0x0000000088f00000|100%| E|CS|TAMS 0x0000000088e00000| PB 0x0000000088e00000| Complete 
| 117|0x0000000088f00000, 0x0000000089000000, 0x0000000089000000|100%| E|CS|TAMS 0x0000000088f00000| PB 0x0000000088f00000| Complete 
| 118|0x0000000089000000, 0x0000000089100000, 0x0000000089100000|100%| E|CS|TAMS 0x0000000089000000| PB 0x0000000089000000| Complete 
| 119|0x0000000089100000, 0x0000000089200000, 0x0000000089200000|100%| E|CS|TAMS 0x0000000089100000| PB 0x0000000089100000| Complete 
| 120|0x0000000089200000, 0x0000000089300000, 0x0000000089300000|100%| E|CS|TAMS 0x0000000089200000| PB 0x0000000089200000| Complete 
| 121|0x0000000089300000, 0x0000000089400000, 0x0000000089400000|100%| E|CS|TAMS 0x0000000089300000| PB 0x0000000089300000| Complete 
| 122|0x0000000089400000, 0x0000000089500000, 0x0000000089500000|100%| E|CS|TAMS 0x0000000089400000| PB 0x0000000089400000| Complete 
| 123|0x0000000089500000, 0x0000000089600000, 0x0000000089600000|100%| E|CS|TAMS 0x0000000089500000| PB 0x0000000089500000| Complete 
| 124|0x0000000089600000, 0x0000000089700000, 0x0000000089700000|100%| E|CS|TAMS 0x0000000089600000| PB 0x0000000089600000| Complete 
| 125|0x0000000089700000, 0x0000000089800000, 0x0000000089800000|100%| E|CS|TAMS 0x0000000089700000| PB 0x0000000089700000| Complete 
| 126|0x0000000089800000, 0x0000000089900000, 0x0000000089900000|100%| E|CS|TAMS 0x0000000089800000| PB 0x0000000089800000| Complete 
| 127|0x0000000089900000, 0x0000000089a00000, 0x0000000089a00000|100%| E|CS|TAMS 0x0000000089900000| PB 0x0000000089900000| Complete 

Card table byte_map: [0x0000022af2700000,0x0000022af2b00000] _byte_map_base: 0x0000022af22f3000

Marking Bits: (CMBitMap*) 0x0000022ae34f46e0
 Bits: [0x0000022af2b00000, 0x0000022af4a98000)

Polling page: 0x0000022ae3570000

Metaspace:

Usage:
  Non-class:      2.91 MB used.
      Class:    388.24 KB used.
       Both:      3.29 MB used.

Virtual space:
  Non-class space:       64.00 MB reserved,       3.00 MB (  5%) committed,  1 nodes.
      Class space:        1.00 GB reserved,     512.00 KB ( <1%) committed,  1 nodes.
             Both:        1.06 GB reserved,       3.50 MB ( <1%) committed. 

Chunk freelists:
   Non-Class:  10.72 MB
       Class:  15.52 MB
        Both:  26.24 MB

MaxMetaspaceSize: unlimited
CompressedClassSpaceSize: 1.00 GB
Initial GC threshold: 21.00 MB
Current GC threshold: 21.00 MB
CDS: on
 - commit_granule_bytes: 65536.
 - commit_granule_words: 8192.
 - virtual_space_node_default_size: 8388608.
 - enlarge_chunks_in_place: 1.
 - use_allocation_guard: 0.


Internal statistics:

num_allocs_failed_limit: 0.
num_arena_births: 212.
num_arena_deaths: 0.
num_vsnodes_births: 2.
num_vsnodes_deaths: 0.
num_space_committed: 56.
num_space_uncommitted: 0.
num_chunks_returned_to_freelist: 0.
num_chunks_taken_from_freelist: 335.
num_chunk_merges: 0.
num_chunk_splits: 195.
num_chunks_enlarged: 91.
num_inconsistent_stats: 0.

CodeCache: size=49152Kb used=3516Kb max_used=3516Kb free=45635Kb
 bounds [0x0000022aeea20000, 0x0000022aeed90000, 0x0000022af1a20000]
 total_blobs=1510 nmethods=1083 adapters=351
 compilation: enabled
              stopped_count=0, restarted_count=0
 full_count=0

JVMCI Events (1 events):
Event: 0.063 Thread 0x0000022ae3250d40 created new Java JVMCI runtime -1 (0x0000022ae34b6620)

Compilation events (20 events):
Event: 0.882 Thread 0x0000022af7567a60 nmethod 1070 0x0000022aeed87090 code [0x0000022aeed87260, 0x0000022aeed87430]
Event: 0.882 Thread 0x0000022af7567a60 1071       1       java.lang.invoke.MethodHandleStatics::dumper (4 bytes)
Event: 0.882 Thread 0x0000022af7567a60 nmethod 1071 0x0000022aeed87590 code [0x0000022aeed87720, 0x0000022aeed877d0]
Event: 0.889 Thread 0x0000022af7567a60 1072   !   1       jdk.internal.ref.PhantomCleanable::remove (60 bytes)
Event: 0.889 Thread 0x0000022af77bd130 1073       1       java.lang.ref.Reference::clear (5 bytes)
Event: 0.889 Thread 0x0000022af77bd130 nmethod 1073 0x0000022aeed87c90 code [0x0000022aeed87e40, 0x0000022aeed87f28]
Event: 0.890 Thread 0x0000022af7567a60 nmethod 1072 0x0000022aeed87f90 code [0x0000022aeed88160, 0x0000022aeed88520]
Event: 0.891 Thread 0x0000022af7567a60 1075   !   1       java.util.concurrent.ConcurrentHashMap::computeIfAbsent (576 bytes)
Event: 0.895 Thread 0x0000022af77bd130 1076       1       jdk.internal.loader.BuiltinClassLoader::findLoadedModule (33 bytes)
Event: 0.895 Thread 0x0000022af77bd130 nmethod 1076 0x0000022aeed88710 code [0x0000022aeed88900, 0x0000022aeed88b68]
Event: 0.895 Thread 0x0000022af7567a60 nmethod 1075 0x0000022aeed88d10 code [0x0000022aeed89060, 0x0000022aeed8a8d8]
Event: 0.901 Thread 0x0000022af7567a60 1077       1       java.util.concurrent.locks.AbstractQueuedSynchronizer::getState (5 bytes)
Event: 0.901 Thread 0x0000022af77bd130 1078       1       jdk.internal.loader.URLClassPath$JarLoader::findResource (18 bytes)
Event: 0.901 Thread 0x0000022af7567a60 nmethod 1077 0x0000022aeed8c190 code [0x0000022aeed8c320, 0x0000022aeed8c3e8]
Event: 0.902 Thread 0x0000022af77bd130 nmethod 1078 0x0000022aeed8c490 code [0x0000022aeed8c640, 0x0000022aeed8c7b0]
Event: 0.903 Thread 0x0000022af77bd130 1079       1       java.lang.Object::<init> (1 bytes)
Event: 0.903 Thread 0x0000022af77bd130 nmethod 1079 0x0000022aeed8c890 code [0x0000022aeed8ca20, 0x0000022aeed8caf8]
Event: 0.906 Thread 0x0000022af7567a60 1082       1       java.lang.reflect.Executable::<init> (5 bytes)
Event: 0.906 Thread 0x0000022af7567a60 nmethod 1082 0x0000022aeed8dd10 code [0x0000022aeed8dea0, 0x0000022aeed8df68]
Event: 0.907 Thread 0x0000022af7567a60 1083       1       jdk.internal.org.objectweb.asm.MethodWriter::visitLabel (330 bytes)

GC Heap History (0 events):
No events

Dll operation events (7 events):
Event: 0.030 Loaded shared library C:\Program Files\Java\graalvm\bin\java.dll
Event: 0.157 Loaded shared library C:\Program Files\Java\graalvm\bin\zip.dll
Event: 0.167 Loaded shared library C:\Program Files\Java\graalvm\bin\instrument.dll
Event: 0.175 Loaded shared library C:\Program Files\Java\graalvm\bin\net.dll
Event: 0.179 Loaded shared library C:\Program Files\Java\graalvm\bin\nio.dll
Event: 0.185 Loaded shared library C:\Program Files\Java\graalvm\bin\zip.dll
Event: 0.419 Loaded shared library C:\Program Files\Java\graalvm\bin\jimage.dll

Deoptimization events (20 events):
Event: 0.837 Thread 0x0000022ae3250d40 DEOPT PACKING pc=0x0000022aeed672e4 sp=0x0000003488afb440
Event: 0.837 Thread 0x0000022ae3250d40 DEOPT UNPACKING pc=0x0000022aeea74c43 sp=0x0000003488afa9a8 mode 1
Event: 0.840 Thread 0x0000022ae3250d40 DEOPT PACKING pc=0x0000022aeed672e4 sp=0x0000003488afd310
Event: 0.840 Thread 0x0000022ae3250d40 DEOPT UNPACKING pc=0x0000022aeea74c43 sp=0x0000003488afc878 mode 1
Event: 0.841 Thread 0x0000022ae3250d40 DEOPT PACKING pc=0x0000022aeed672e4 sp=0x0000003488afd310
Event: 0.841 Thread 0x0000022ae3250d40 DEOPT UNPACKING pc=0x0000022aeea74c43 sp=0x0000003488afc878 mode 1
Event: 0.841 Thread 0x0000022ae3250d40 DEOPT PACKING pc=0x0000022aeed672e4 sp=0x0000003488afd310
Event: 0.841 Thread 0x0000022ae3250d40 DEOPT UNPACKING pc=0x0000022aeea74c43 sp=0x0000003488afc878 mode 1
Event: 0.841 Thread 0x0000022ae3250d40 DEOPT PACKING pc=0x0000022aeed672e4 sp=0x0000003488afd310
Event: 0.841 Thread 0x0000022ae3250d40 DEOPT UNPACKING pc=0x0000022aeea74c43 sp=0x0000003488afc878 mode 1
Event: 0.841 Thread 0x0000022ae3250d40 DEOPT PACKING pc=0x0000022aeed672e4 sp=0x0000003488afd310
Event: 0.841 Thread 0x0000022ae3250d40 DEOPT UNPACKING pc=0x0000022aeea74c43 sp=0x0000003488afc878 mode 1
Event: 0.841 Thread 0x0000022ae3250d40 DEOPT PACKING pc=0x0000022aeed672e4 sp=0x0000003488afd310
Event: 0.841 Thread 0x0000022ae3250d40 DEOPT UNPACKING pc=0x0000022aeea74c43 sp=0x0000003488afc878 mode 1
Event: 0.841 Thread 0x0000022ae3250d40 DEOPT PACKING pc=0x0000022aeed672e4 sp=0x0000003488afd310
Event: 0.841 Thread 0x0000022ae3250d40 DEOPT UNPACKING pc=0x0000022aeea74c43 sp=0x0000003488afc878 mode 1
Event: 0.876 Thread 0x0000022ae3250d40 DEOPT PACKING pc=0x0000022aeecb67ec sp=0x0000003488afe1d0
Event: 0.876 Thread 0x0000022ae3250d40 DEOPT UNPACKING pc=0x0000022aeea74c43 sp=0x0000003488afd6b8 mode 1
Event: 0.877 Thread 0x0000022ae3250d40 DEOPT PACKING pc=0x0000022aeecd5386 sp=0x0000003488afe290
Event: 0.877 Thread 0x0000022ae3250d40 DEOPT UNPACKING pc=0x0000022aeea74c43 sp=0x0000003488afd7a8 mode 1

Classes loaded (20 events):
Event: 0.902 Loading class java/nio/file/NoSuchFileException
Event: 0.902 Loading class java/nio/file/NoSuchFileException done
Event: 0.903 Loading class java/nio/file/attribute/PosixFileAttributes
Event: 0.903 Loading class java/nio/file/attribute/PosixFileAttributes done
Event: 0.903 Loading class java/nio/file/ClosedFileSystemException
Event: 0.903 Loading class java/nio/file/ClosedFileSystemException done
Event: 0.904 Loading class java/lang/NumberFormatException
Event: 0.904 Loading class java/lang/NumberFormatException done
Event: 0.904 Loading class java/util/zip/DeflaterOutputStream
Event: 0.904 Loading class java/util/zip/DeflaterOutputStream done
Event: 0.905 Loading class java/nio/file/ReadOnlyFileSystemException
Event: 0.905 Loading class java/nio/file/ReadOnlyFileSystemException done
Event: 0.905 Loading class java/nio/file/NotDirectoryException
Event: 0.905 Loading class java/nio/file/NotDirectoryException done
Event: 0.905 Loading class java/nio/file/DirectoryNotEmptyException
Event: 0.905 Loading class java/nio/file/DirectoryNotEmptyException done
Event: 0.906 Loading class java/nio/file/attribute/PosixFilePermissions
Event: 0.906 Loading class java/nio/file/attribute/PosixFilePermissions done
Event: 0.906 Loading class java/nio/file/attribute/PosixFilePermission
Event: 0.906 Loading class java/nio/file/attribute/PosixFilePermission done

Classes unloaded (0 events):
No events

Classes redefined (0 events):
No events

Internal exceptions (14 events):
Event: 0.369 Thread 0x0000022ae3250d40 Exception <a 'java/lang/NoSuchMethodError'{0x00000000894a4c28}: 'void java.lang.invoke.DirectMethodHandle$Holder.invokeStatic(java.lang.Object, java.lang.Object, java.lang.Object)'> (0x00000000894a4c28) 
thrown [s\open\src\hotspot\share\interpreter\linkResolver.cpp, line 773]
Event: 0.376 Thread 0x0000022ae3250d40 Exception <a 'java/lang/NoSuchMethodError'{0x00000000894bc130}: 'java.lang.Object java.lang.invoke.Invokers$Holder.invokeExact_MT(java.lang.Object, java.lang.Object, java.lang.Object, java.lang.Object, java.lang.Object)'> (0x00000000894bc130) 
thrown [s\open\src\hotspot\share\interpreter\linkResolver.cpp, line 773]
Event: 0.479 Thread 0x0000022ae3250d40 Exception <a 'java/lang/NoSuchMethodError'{0x00000000893dd718}: 'java.lang.ClassLoader java.lang.Class.getClassLoader(java.lang.Class)'> (0x00000000893dd718) 
thrown [s\open\src\hotspot\share\interpreter\linkResolver.cpp, line 773]
Event: 0.482 Thread 0x0000022ae3250d40 Exception <a 'java/lang/NoSuchMethodError'{0x00000000893e56d0}: 'java.lang.Object java.lang.invoke.DirectMethodHandle$Holder.invokeStatic(java.lang.Object, java.lang.Object, int)'> (0x00000000893e56d0) 
thrown [s\open\src\hotspot\share\interpreter\linkResolver.cpp, line 773]
Event: 0.484 Thread 0x0000022ae3250d40 Exception <a 'java/lang/NoSuchMethodError'{0x00000000893f0cc8}: 'void java.lang.invoke.DelegatingMethodHandle$Holder.delegate(java.lang.Object, java.lang.Object, int, java.lang.Object)'> (0x00000000893f0cc8) 
thrown [s\open\src\hotspot\share\interpreter\linkResolver.cpp, line 773]
Event: 0.485 Thread 0x0000022ae3250d40 Exception <a 'java/lang/NoSuchMethodError'{0x00000000893f49a8}: 'int java.lang.invoke.DirectMethodHandle$Holder.invokeSpecial(java.lang.Object, java.lang.Object, java.lang.Object)'> (0x00000000893f49a8) 
thrown [s\open\src\hotspot\share\interpreter\linkResolver.cpp, line 773]
Event: 0.552 Thread 0x0000022ae3250d40 Exception <a 'java/lang/NoSuchMethodError'{0x00000000892c0680}: 'long java.lang.invoke.DirectMethodHandle$Holder.invokeSpecial(java.lang.Object, java.lang.Object)'> (0x00000000892c0680) 
thrown [s\open\src\hotspot\share\interpreter\linkResolver.cpp, line 773]
Event: 0.567 Thread 0x0000022ae3250d40 Exception <a 'java/lang/NoSuchMethodError'{0x00000000892eb028}: 'java.lang.Object java.lang.invoke.DirectMethodHandle$Holder.invokeStatic(java.lang.Object, long, java.lang.Object)'> (0x00000000892eb028) 
thrown [s\open\src\hotspot\share\interpreter\linkResolver.cpp, line 773]
Event: 0.568 Thread 0x0000022ae3250d40 Exception <a 'java/lang/NoSuchMethodError'{0x00000000891027b8}: 'java.lang.Object java.lang.invoke.DirectMethodHandle$Holder.invokeStaticInit(java.lang.Object, long, java.lang.Object)'> (0x00000000891027b8) 
thrown [s\open\src\hotspot\share\interpreter\linkResolver.cpp, line 773]
Event: 0.569 Thread 0x0000022ae3250d40 Exception <a 'java/lang/NoSuchMethodError'{0x0000000089107f98}: 'java.lang.Object java.lang.invoke.DirectMethodHandle$Holder.newInvokeSpecial(java.lang.Object, long)'> (0x0000000089107f98) 
thrown [s\open\src\hotspot\share\interpreter\linkResolver.cpp, line 773]
Event: 0.616 Thread 0x0000022ae3250d40 Exception <a 'java/lang/NoSuchMethodError'{0x000000008917b2f0}: 'long java.lang.invoke.Invokers$Holder.invokeExact_MT(java.lang.Object, java.lang.Object)'> (0x000000008917b2f0) 
thrown [s\open\src\hotspot\share\interpreter\linkResolver.cpp, line 773]
Event: 0.633 Thread 0x0000022ae3250d40 Exception <a 'java/lang/NoSuchMethodError'{0x000000008919e7b8}: 'void java.lang.invoke.DirectMethodHandle$Holder.invokeSpecial(java.lang.Object, java.lang.Object, java.lang.Object)'> (0x000000008919e7b8) 
thrown [s\open\src\hotspot\share\interpreter\linkResolver.cpp, line 773]
Event: 0.876 Thread 0x0000022ae3250d40 Exception <a 'java/lang/NoSuchMethodError'{0x0000000088d48c38}: 'java.lang.ClassLoader java.lang.ClassLoader.getPlatformClassLoader(java.lang.Class)'> (0x0000000088d48c38) 
thrown [s\open\src\hotspot\share\interpreter\linkResolver.cpp, line 773]
Event: 0.882 Thread 0x0000022ae3250d40 Exception <a 'java/lang/NoSuchMethodError'{0x0000000088d562f8}: 'void java.lang.invoke.DirectMethodHandle$Holder.invokeSpecial(java.lang.Object, java.lang.Object, java.lang.Object, java.lang.Object, java.lang.Object)'> (0x0000000088d562f8) 
thrown [s\open\src\hotspot\share\interpreter\linkResolver.cpp, line 773]

ZGC Phase Switch (0 events):
No events

VM Operations (14 events):
Event: 0.130 Executing VM operation: HandshakeAllThreads (Deoptimize)
Event: 0.130 Executing VM operation: HandshakeAllThreads (Deoptimize) done
Event: 0.438 Executing VM operation: HandshakeAllThreads (Deoptimize)
Event: 0.438 Executing VM operation: HandshakeAllThreads (Deoptimize) done
Event: 0.482 Executing VM operation: HandshakeAllThreads (Deoptimize)
Event: 0.482 Executing VM operation: HandshakeAllThreads (Deoptimize) done
Event: 0.559 Executing VM operation: HandshakeAllThreads (Deoptimize)
Event: 0.559 Executing VM operation: HandshakeAllThreads (Deoptimize) done
Event: 0.577 Executing VM operation: HandshakeAllThreads (Deoptimize)
Event: 0.577 Executing VM operation: HandshakeAllThreads (Deoptimize) done
Event: 0.898 Executing VM operation: HandshakeAllThreads (Deoptimize)
Event: 0.898 Executing VM operation: HandshakeAllThreads (Deoptimize) done
Event: 0.900 Executing VM operation: HandshakeAllThreads (Deoptimize)
Event: 0.900 Executing VM operation: HandshakeAllThreads (Deoptimize) done

Events (14 events):
Event: 0.058 Thread 0x0000022ae3250d40 Thread added: 0x0000022ae3250d40
Event: 0.083 Thread 0x0000022af754bbb0 Thread added: 0x0000022af754bbb0
Event: 0.083 Thread 0x0000022af754cc80 Thread added: 0x0000022af754cc80
Event: 0.083 Thread 0x0000022af7552010 Thread added: 0x0000022af7552010
Event: 0.083 Thread 0x0000022af7555bf0 Thread added: 0x0000022af7555bf0
Event: 0.084 Thread 0x0000022af7557d60 Thread added: 0x0000022af7557d60
Event: 0.084 Thread 0x0000022af7559f70 Thread added: 0x0000022af7559f70
Event: 0.084 Thread 0x0000022af7567a60 Thread added: 0x0000022af7567a60
Event: 0.118 Thread 0x0000022af77b3320 Thread added: 0x0000022af77b3320
Event: 0.129 Thread 0x0000022af77bd130 Thread added: 0x0000022af77bd130
Event: 0.400 Thread 0x0000022afc2b01c0 Thread added: 0x0000022afc2b01c0
Event: 0.400 Thread 0x0000022afc2b3e90 Thread added: 0x0000022afc2b3e90
Event: 0.401 Thread 0x0000022af77b4d60 Thread added: 0x0000022af77b4d60
Event: 0.547 Thread 0x0000022af77b18e0 Thread added: 0x0000022af77b18e0


Dynamic libraries:
0x00007ff7bd260000 - 0x00007ff7bd270000 	C:\Program Files\Java\graalvm\bin\java.EXE
0x00007ff9de590000 - 0x00007ff9de788000 	C:\WINDOWS\SYSTEM32\ntdll.dll
0x00007ff9de490000 - 0x00007ff9de54d000 	C:\WINDOWS\System32\KERNEL32.DLL
0x00007ff9dc2c0000 - 0x00007ff9dc5b6000 	C:\WINDOWS\System32\KERNELBASE.dll
0x00007ff9dbd60000 - 0x00007ff9dbe60000 	C:\WINDOWS\System32\ucrtbase.dll
0x00007ff9d4890000 - 0x00007ff9d48ab000 	C:\Program Files\Java\graalvm\bin\VCRUNTIME140.dll
0x00007ff9cef10000 - 0x00007ff9cef29000 	C:\Program Files\Java\graalvm\bin\jli.dll
0x00007ff9dca00000 - 0x00007ff9dcab0000 	C:\WINDOWS\System32\ADVAPI32.dll
0x00007ff9dcc10000 - 0x00007ff9dccae000 	C:\WINDOWS\System32\msvcrt.dll
0x00007ff9de240000 - 0x00007ff9de2e0000 	C:\WINDOWS\System32\sechost.dll
0x00007ff9dc600000 - 0x00007ff9dc723000 	C:\WINDOWS\System32\RPCRT4.dll
0x00007ff9dbf60000 - 0x00007ff9dbf87000 	C:\WINDOWS\System32\bcrypt.dll
0x00007ff9de2e0000 - 0x00007ff9de47f000 	C:\WINDOWS\System32\USER32.dll
0x00007ff9dc0c0000 - 0x00007ff9dc0e2000 	C:\WINDOWS\System32\win32u.dll
0x00007ff9c3440000 - 0x00007ff9c36da000 	C:\WINDOWS\WinSxS\amd64_microsoft.windows.common-controls_6595b64144ccf1df_6.0.19041.4355_none_60b8b9eb71f62e16\COMCTL32.dll
0x00007ff9dcab0000 - 0x00007ff9dcadb000 	C:\WINDOWS\System32\GDI32.dll
0x00007ff9dbc40000 - 0x00007ff9dbd57000 	C:\WINDOWS\System32\gdi32full.dll
0x00007ff9dc020000 - 0x00007ff9dc0bd000 	C:\WINDOWS\System32\msvcp_win.dll
0x00007ff9d62b0000 - 0x00007ff9d62ba000 	C:\WINDOWS\SYSTEM32\VERSION.dll
0x00007ff9dc5c0000 - 0x00007ff9dc5f2000 	C:\WINDOWS\System32\IMM32.DLL
0x00007ff9d6320000 - 0x00007ff9d632c000 	C:\Program Files\Java\graalvm\bin\vcruntime140_1.dll
0x00007ff9b9250000 - 0x00007ff9b92de000 	C:\Program Files\Java\graalvm\bin\msvcp140.dll
0x00007ff99a9c0000 - 0x00007ff99b6d7000 	C:\Program Files\Java\graalvm\bin\server\jvm.dll
0x00007ff9dd990000 - 0x00007ff9dd9fb000 	C:\WINDOWS\System32\WS2_32.dll
0x00007ff9db130000 - 0x00007ff9db17b000 	C:\WINDOWS\SYSTEM32\POWRPROF.dll
0x00007ff9d47a0000 - 0x00007ff9d47c7000 	C:\WINDOWS\SYSTEM32\WINMM.dll
0x00007ff9db030000 - 0x00007ff9db042000 	C:\WINDOWS\SYSTEM32\UMPDC.dll
0x00007ff9da420000 - 0x00007ff9da432000 	C:\WINDOWS\SYSTEM32\kernel.appcore.dll
0x00007ff9d5ba0000 - 0x00007ff9d5baa000 	C:\Program Files\Java\graalvm\bin\jimage.dll
0x00007ff9da100000 - 0x00007ff9da2e4000 	C:\WINDOWS\SYSTEM32\DBGHELP.DLL
0x00007ff9cd140000 - 0x00007ff9cd174000 	C:\WINDOWS\SYSTEM32\dbgcore.DLL
0x00007ff9dbf90000 - 0x00007ff9dc012000 	C:\WINDOWS\System32\bcryptPrimitives.dll
0x00007ff9c64d0000 - 0x00007ff9c64df000 	C:\Program Files\Java\graalvm\bin\instrument.dll
0x00007ff9ceef0000 - 0x00007ff9cef0f000 	C:\Program Files\Java\graalvm\bin\java.dll
0x00007ff9bce80000 - 0x00007ff9bcebc000 	C:\Program Files\Java\graalvm\bin\jdwp.dll
0x00007ff9dda00000 - 0x00007ff9de16b000 	C:\WINDOWS\System32\SHELL32.dll
0x00007ff9d9890000 - 0x00007ff9da02d000 	C:\WINDOWS\SYSTEM32\windows.storage.dll
0x00007ff9dce40000 - 0x00007ff9dd193000 	C:\WINDOWS\System32\combase.dll
0x00007ff9db580000 - 0x00007ff9db5ae000 	C:\WINDOWS\SYSTEM32\Wldp.dll
0x00007ff9de170000 - 0x00007ff9de23d000 	C:\WINDOWS\System32\OLEAUT32.dll
0x00007ff9dccb0000 - 0x00007ff9dcd5d000 	C:\WINDOWS\System32\SHCORE.dll
0x00007ff9dc730000 - 0x00007ff9dc785000 	C:\WINDOWS\System32\shlwapi.dll
0x00007ff9dbb70000 - 0x00007ff9dbb94000 	C:\WINDOWS\SYSTEM32\profapi.dll
0x00007ff9c3ee0000 - 0x00007ff9c3ef8000 	C:\Program Files\Java\graalvm\bin\zip.dll
0x00007ff9cee00000 - 0x00007ff9cee10000 	C:\Program Files\Java\graalvm\bin\net.dll
0x00007ff9d3330000 - 0x00007ff9d343a000 	C:\WINDOWS\SYSTEM32\WINHTTP.dll
0x00007ff9db360000 - 0x00007ff9db3ca000 	C:\WINDOWS\system32\mswsock.dll
0x00007ff9c68d0000 - 0x00007ff9c68e6000 	C:\Program Files\Java\graalvm\bin\nio.dll
0x00007ff9c2090000 - 0x00007ff9c209c000 	C:\Program Files\Java\graalvm\bin\dt_socket.dll
0x00007ff9daff0000 - 0x00007ff9db02b000 	C:\WINDOWS\SYSTEM32\IPHLPAPI.DLL
0x00007ff9db060000 - 0x00007ff9db12b000 	C:\WINDOWS\SYSTEM32\DNSAPI.dll
0x00007ff9dd1a0000 - 0x00007ff9dd1a8000 	C:\WINDOWS\System32\NSI.dll
0x00007ff9d2ee0000 - 0x00007ff9d2eea000 	C:\Windows\System32\rasadhlp.dll
0x00007ff9d2f30000 - 0x00007ff9d2fb0000 	C:\WINDOWS\System32\fwpuclnt.dll

dbghelp: loaded successfully - version: 4.0.5 - missing functions: none
symbol engine: initialized successfully - sym options: 0x614 - pdb path: .;C:\Program Files\Java\graalvm\bin;C:\WINDOWS\SYSTEM32;C:\WINDOWS\WinSxS\amd64_microsoft.windows.common-controls_6595b64144ccf1df_6.0.19041.4355_none_60b8b9eb71f62e16;C:\Program Files\Java\graalvm\bin\server

VM Arguments:
jvm_args: -XX:ThreadPriorityPolicy=1 -XX:+UnlockExperimentalVMOptions -XX:+EnableJVMCIProduct -XX:-UnlockExperimentalVMOptions -Dquarkus-internal.serialized-app-model.path=C:\Users\karim\IdeaProjects\rest-book\target\quarkus\bootstrap\dev-app-model.dat -javaagent:C:\Users\karim\.m2\repository\io\quarkus\quarkus-class-change-agent\3.11.1\quarkus-class-change-agent-3.11.1.jar -XX:TieredStopAtLevel=1 -agentlib:jdwp=transport=dt_socket,address=localhost:5005,server=y,suspend=n -Djava.util.logging.manager=org.jboss.logmanager.LogManager 
java_command: C:\Users\karim\IdeaProjects\rest-book\target\rest-book-dev.jar
java_class_path (initial): C:\Users\karim\IdeaProjects\rest-book\target\rest-book-dev.jar
Launcher Type: SUN_STANDARD

[Global flags]
     intx CICompilerCount                          = 4                                         {product} {ergonomic}
     uint ConcGCThreads                            = 2                                         {product} {ergonomic}
     bool EnableJVMCIProduct                       = true                                {JVMCI product} {jimage}
     uint G1ConcRefinementThreads                  = 8                                         {product} {ergonomic}
   size_t G1HeapRegionSize                         = 1048576                                   {product} {ergonomic}
    uintx GCDrainStackTargetSize                   = 64                                        {product} {ergonomic}
   size_t InitialHeapSize                          = 134217728                                 {product} {ergonomic}
   size_t MarkStackSize                            = 4194304                                   {product} {ergonomic}
   size_t MaxHeapSize                              = 2120220672                                {product} {ergonomic}
   size_t MaxNewSize                               = 1271922688                                {product} {ergonomic}
   size_t MinHeapDeltaBytes                        = 1048576                                   {product} {ergonomic}
   size_t MinHeapSize                              = 8388608                                   {product} {ergonomic}
    uintx NonNMethodCodeHeapSize                   = 4096                                   {pd product} {ergonomic}
    uintx NonProfiledCodeHeapSize                  = 0                                      {pd product} {ergonomic}
     bool ProfileInterpreter                       = false                                  {pd product} {command line}
    uintx ProfiledCodeHeapSize                     = 0                                      {pd product} {ergonomic}
   size_t SoftMaxHeapSize                          = 2120220672                             {manageable} {ergonomic}
      int ThreadPriorityPolicy                     = 1                                         {product} {jimage}
     intx TieredStopAtLevel                        = 1                                         {product} {command line}
     bool UseCompressedOops                        = true                           {product lp64_product} {ergonomic}
     bool UseG1GC                                  = true                                      {product} {ergonomic}
     bool UseLargePagesIndividualAllocation        = false                                  {pd product} {ergonomic}

Logging:
Log output configuration:
 #0: stdout all=warning uptime,level,tags foldmultilines=false
 #1: stderr all=off uptime,level,tags foldmultilines=false

Environment Variables:
JAVA_HOME=C:\Program Files\Java\graalvm
PATH=C:\Progra~1\Java\<graalvm>\bin;C:\Progra~1\Java\<graalvm>\bin;C:\Progra~1\Java\<graalvm>\bin;C:\WINDOWS\System32;C:\WINDOWS\system32;C:\WINDOWS;C:\WINDOWS\System32\Wbem;C:\WINDOWS\System32\WindowsPowerShell\v1.0\;C:\WINDOWS\System32\OpenSSH\;C:\Program Files\Docker\Docker\resources\bin;C:\WINDOWS\system32;C:\WINDOWS;C:\WINDOWS\System32\Wbem;C:\WINDOWS\System32\WindowsPowerShell\v1.0\;C:\WINDOWS\System32\OpenSSH\;C:\Program Files\Docker\Docker\resources\bin;C:\WINDOWS\system32;C:\WINDOWS;C:\WINDOWS\System32\Wbem;C:\WINDOWS\System32\WindowsPowerShell\v1.0\;C:\WINDOWS\System32\OpenSSH\;C:\Program Files\Docker\Docker\resources\bin;"C:\Users\karim\AppData\Local\Programs\Microsoft VS Code\bin;C:\Users\karim\AppData\Local\Microsoft\WindowsApps;C:\Program Files\Java\graalvm\bin;C:\Program Files\maven\bin;";
USERNAME=karim
OS=Windows_NT
PROCESSOR_IDENTIFIER=Intel64 Family 6 Model 94 Stepping 3, GenuineIntel
TMP=C:\Users\karim\AppData\Local\Temp
TEMP=C:\Users\karim\AppData\Local\Temp




Periodic native trim disabled

---------------  S Y S T E M  ---------------

OS:
 Windows 10 , 64 bit Build 19041 (10.0.19041.3636)
OS uptime: 1 days 2:06 hours
Hyper-V role detected

CPU: total 8 (initial active 8) (4 cores per cpu, 2 threads per core) family 6 model 94 stepping 3 microcode 0xcc, cx8, cmov, fxsr, ht, mmx, 3dnowpref, sse, sse2, sse3, ssse3, sse4.1, sse4.2, popcnt, lzcnt, tsc, tscinvbit, avx, avx2, aes, erms, clmul, bmi1, bmi2, rtm, adx, fma, vzeroupper, clflush, clflushopt, hv, rdtscp, f16c
Processor Information for all 8 processors :
  Max Mhz: 2592, Current Mhz: 2592, Mhz Limit: 2592

Memory: 4k page, system-wide physical 8084M (275M free)
TotalPageFile size 16084M (AvailPageFile size 40M)
current process WorkingSet (physical memory assigned to process): 55M, peak: 55M
current process commit charge ("private bytes"): 215M, peak: 215M

vm_info: Java HotSpot(TM) 64-Bit Server VM (21.0.3+7-LTS-jvmci-23.1-b37) for windows-amd64 JRE (21.0.3+7-LTS-jvmci-23.1-b37), built on 2024-03-13T18:09:03Z by "Buildbot" with MS VC++ 17.6 (VS2022)

END.
